app/build/intermediates/manifest_merge_blame_file/debug/manifest-merger-blame-debug-report.txt
1<?xml version="1.0" encoding="utf-8"?>
2<manifest xmlns:android="http://schemas.android.com/apk/res/android"
3    package="com.udacity.asteroidradar"
4    android:versionCode="1"
5    android:versionName="1.0" >
6
7    <uses-sdk
8        android:minSdkVersion="29"
8-->src\main\AndroidManifest.xml
9        android:targetSdkVersion="30" />
9-->src\main\AndroidManifest.xml
10
11    <uses-permission android:name="android.permission.INTERNET" />
11-->src\main\AndroidManifest.xml:6:5-67
11-->src\main\AndroidManifest.xml:6:22-64
12    <uses-permission android:name="android.permission.ACCESS_NETWORK_STATE" />
12-->src\main\AndroidManifest.xml:7:5-79
12-->src\main\AndroidManifest.xml:7:22-76
13    <uses-permission android:name="android.permission.CHANGE_NETWORK_STATE" />
13-->src\main\AndroidManifest.xml:8:5-79
13-->src\main\AndroidManifest.xml:8:22-76
14    <uses-permission android:name="android.permission.WAKE_LOCK" />
14-->[androidx.work:work-runtime:2.5.0] AndroidManifest.xml:25:5-68
14-->[androidx.work:work-runtime:2.5.0] AndroidManifest.xml:25:22-65
15    <uses-permission android:name="android.permission.RECEIVE_BOOT_COMPLETED" />
15-->[androidx.work:work-runtime:2.5.0] AndroidManifest.xml:27:5-81
15-->[androidx.work:work-runtime:2.5.0] AndroidManifest.xml:27:22-78
16    <uses-permission android:name="android.permission.FOREGROUND_SERVICE" />
16-->[androidx.work:work-runtime:2.5.0] AndroidManifest.xml:28:5-77
16-->[androidx.work:work-runtime:2.5.0] AndroidManifest.xml:28:22-74
17
18    <application
18-->src\main\AndroidManifest.xml:10:5-30:19
19        android:name="com.udacity.asteroidradar.AsteroidRadarApplication"
19-->src\main\AndroidManifest.xml:11:9-49
20        android:allowBackup="true"
20-->src\main\AndroidManifest.xml:12:9-35
21        android:appComponentFactory="androidx.core.app.CoreComponentFactory"
21-->[androidx.core:core:1.3.2] AndroidManifest.xml:24:18-86
22        android:debuggable="true"
23        android:extractNativeLibs="false"
24        android:icon="@mipmap/ic_launcher"
24-->src\main\AndroidManifest.xml:13:9-43
25        android:label="@string/app_name"
25-->src\main\AndroidManifest.xml:14:9-41
26        android:roundIcon="@mipmap/ic_launcher_round"
26-->src\main\AndroidManifest.xml:15:9-54
27        android:supportsRtl="true"
27-->src\main\AndroidManifest.xml:16:9-35
28        android:testOnly="true"
29        android:theme="@style/AppTheme" >
29-->src\main\AndroidManifest.xml:17:9-40
30        <activity android:name="com.udacity.asteroidradar.MainActivity" >
30-->src\main\AndroidManifest.xml:18:9-24:20
30-->src\main\AndroidManifest.xml:18:19-47
31            <intent-filter>
31-->src\main\AndroidManifest.xml:19:13-23:29
32                <action android:name="android.intent.action.MAIN" />
32-->src\main\AndroidManifest.xml:20:17-69
32-->src\main\AndroidManifest.xml:20:25-66
33
34                <category android:name="android.intent.category.LAUNCHER" />
34-->src\main\AndroidManifest.xml:22:17-77
34-->src\main\AndroidManifest.xml:22:27-74
35            </intent-filter>
36        </activity>
37
38        <service
38-->[androidx.work:work-runtime:2.5.0] AndroidManifest.xml:39:9-44:35
39            android:name="androidx.work.impl.background.systemalarm.SystemAlarmService"
39-->[androidx.work:work-runtime:2.5.0] AndroidManifest.xml:40:13-88
40            android:directBootAware="false"
40-->[androidx.work:work-runtime:2.5.0] AndroidManifest.xml:41:13-44
41            android:enabled="@bool/enable_system_alarm_service_default"
41-->[androidx.work:work-runtime:2.5.0] AndroidManifest.xml:42:13-72
42            android:exported="false" />
42-->[androidx.work:work-runtime:2.5.0] AndroidManifest.xml:43:13-37
43        <service
43-->[androidx.work:work-runtime:2.5.0] AndroidManifest.xml:45:9-51:35
44            android:name="androidx.work.impl.background.systemjob.SystemJobService"
44-->[androidx.work:work-runtime:2.5.0] AndroidManifest.xml:46:13-84
45            android:directBootAware="false"
45-->[androidx.work:work-runtime:2.5.0] AndroidManifest.xml:47:13-44
46            android:enabled="@bool/enable_system_job_service_default"
46-->[androidx.work:work-runtime:2.5.0] AndroidManifest.xml:48:13-70
47            android:exported="true"
47-->[androidx.work:work-runtime:2.5.0] AndroidManifest.xml:49:13-36
48            android:permission="android.permission.BIND_JOB_SERVICE" />
48-->[androidx.work:work-runtime:2.5.0] AndroidManifest.xml:50:13-69
49        <service
49-->[androidx.work:work-runtime:2.5.0] AndroidManifest.xml:52:9-57:35
50            android:name="androidx.work.impl.foreground.SystemForegroundService"
50-->[androidx.work:work-runtime:2.5.0] AndroidManifest.xml:53:13-81
51            android:directBootAware="false"
51-->[androidx.work:work-runtime:2.5.0] AndroidManifest.xml:54:13-44
52            android:enabled="@bool/enable_system_foreground_service_default"
52-->[androidx.work:work-runtime:2.5.0] AndroidManifest.xml:55:13-77
53            android:exported="false" />
53-->[androidx.work:work-runtime:2.5.0] AndroidManifest.xml:56:13-37
54
55        <receiver
55-->[androidx.work:work-runtime:2.5.0] AndroidManifest.xml:59:9-64:35
56            android:name="androidx.work.impl.utils.ForceStopRunnable$BroadcastReceiver"
56-->[androidx.work:work-runtime:2.5.0] AndroidManifest.xml:60:13-88
57            android:directBootAware="false"
57-->[androidx.work:work-runtime:2.5.0] AndroidManifest.xml:61:13-44
58            android:enabled="true"
58-->[androidx.work:work-runtime:2.5.0] AndroidManifest.xml:62:13-35
59            android:exported="false" />
59-->[androidx.work:work-runtime:2.5.0] AndroidManifest.xml:63:13-37
60        <receiver
60-->[androidx.work:work-runtime:2.5.0] AndroidManifest.xml:65:9-75:20
61            android:name="androidx.work.impl.background.systemalarm.ConstraintProxy$BatteryChargingProxy"
61-->[androidx.work:work-runtime:2.5.0] AndroidManifest.xml:66:13-106
62            android:directBootAware="false"
62-->[androidx.work:work-runtime:2.5.0] AndroidManifest.xml:67:13-44
63            android:enabled="false"
63-->[androidx.work:work-runtime:2.5.0] AndroidManifest.xml:68:13-36
64            android:exported="false" >
64-->[androidx.work:work-runtime:2.5.0] AndroidManifest.xml:69:13-37
65            <intent-filter>
65-->[androidx.work:work-runtime:2.5.0] AndroidManifest.xml:71:13-74:29
66                <action android:name="android.intent.action.ACTION_POWER_CONNECTED" />
66-->[androidx.work:work-runtime:2.5.0] AndroidManifest.xml:72:17-87
66-->[androidx.work:work-runtime:2.5.0] AndroidManifest.xml:72:25-84
67                <action android:name="android.intent.action.ACTION_POWER_DISCONNECTED" />
67-->[androidx.work:work-runtime:2.5.0] AndroidManifest.xml:73:17-90
67-->[androidx.work:work-runtime:2.5.0] AndroidManifest.xml:73:25-87
68            </intent-filter>
69        </receiver>
70        <receiver
70-->[androidx.work:work-runtime:2.5.0] AndroidManifest.xml:76:9-86:20
71            android:name="androidx.work.impl.background.systemalarm.ConstraintProxy$BatteryNotLowProxy"
71-->[androidx.work:work-runtime:2.5.0] AndroidManifest.xml:77:13-104
72            android:directBootAware="false"
72-->[androidx.work:work-runtime:2.5.0] AndroidManifest.xml:78:13-44
73            android:enabled="false"
73-->[androidx.work:work-runtime:2.5.0] AndroidManifest.xml:79:13-36
74            android:exported="false" >
74-->[androidx.work:work-runtime:2.5.0] AndroidManifest.xml:80:13-37
75            <intent-filter>
75-->[androidx.work:work-runtime:2.5.0] AndroidManifest.xml:82:13-85:29
76                <action android:name="android.intent.action.BATTERY_OKAY" />
76-->[androidx.work:work-runtime:2.5.0] AndroidManifest.xml:83:17-77
76-->[androidx.work:work-runtime:2.5.0] AndroidManifest.xml:83:25-74
77                <action android:name="android.intent.action.BATTERY_LOW" />
77-->[androidx.work:work-runtime:2.5.0] AndroidManifest.xml:84:17-76
77-->[androidx.work:work-runtime:2.5.0] AndroidManifest.xml:84:25-73
78            </intent-filter>
79        </receiver>
80        <receiver
80-->[androidx.work:work-runtime:2.5.0] AndroidManifest.xml:87:9-97:20
81            android:name="androidx.work.impl.background.systemalarm.ConstraintProxy$StorageNotLowProxy"
81-->[androidx.work:work-runtime:2.5.0] AndroidManifest.xml:88:13-104
82            android:directBootAware="false"
82-->[androidx.work:work-runtime:2.5.0] AndroidManifest.xml:89:13-44
83            android:enabled="false"
83-->[androidx.work:work-runtime:2.5.0] AndroidManifest.xml:90:13-36
84            android:exported="false" >
84-->[androidx.work:work-runtime:2.5.0] AndroidManifest.xml:91:13-37
85            <intent-filter>
85-->[androidx.work:work-runtime:2.5.0] AndroidManifest.xml:93:13-96:29
86                <action android:name="android.intent.action.DEVICE_STORAGE_LOW" />
86-->[androidx.work:work-runtime:2.5.0] AndroidManifest.xml:94:17-83
86-->[androidx.work:work-runtime:2.5.0] AndroidManifest.xml:94:25-80
87                <action android:name="android.intent.action.DEVICE_STORAGE_OK" />
87-->[androidx.work:work-runtime:2.5.0] AndroidManifest.xml:95:17-82
87-->[androidx.work:work-runtime:2.5.0] AndroidManifest.xml:95:25-79
88            </intent-filter>
89        </receiver>
90        <receiver
90-->[androidx.work:work-runtime:2.5.0] AndroidManifest.xml:98:9-107:20
91            android:name="androidx.work.impl.background.systemalarm.ConstraintProxy$NetworkStateProxy"
91-->[androidx.work:work-runtime:2.5.0] AndroidManifest.xml:99:13-103
92            android:directBootAware="false"
92-->[androidx.work:work-runtime:2.5.0] AndroidManifest.xml:100:13-44
93            android:enabled="false"
93-->[androidx.work:work-runtime:2.5.0] AndroidManifest.xml:101:13-36
94            android:exported="false" >
94-->[androidx.work:work-runtime:2.5.0] AndroidManifest.xml:102:13-37
95            <intent-filter>
95-->[androidx.work:work-runtime:2.5.0] AndroidManifest.xml:104:13-106:29
96                <action android:name="android.net.conn.CONNECTIVITY_CHANGE" />
96-->[androidx.work:work-runtime:2.5.0] AndroidManifest.xml:105:17-79
96-->[androidx.work:work-runtime:2.5.0] AndroidManifest.xml:105:25-76
97            </intent-filter>
98        </receiver>
99        <receiver
99-->[androidx.work:work-runtime:2.5.0] AndroidManifest.xml:108:9-119:20
100            android:name="androidx.work.impl.background.systemalarm.RescheduleReceiver"
100-->[androidx.work:work-runtime:2.5.0] AndroidManifest.xml:109:13-88
101            android:directBootAware="false"
101-->[androidx.work:work-runtime:2.5.0] AndroidManifest.xml:110:13-44
102            android:enabled="false"
102-->[androidx.work:work-runtime:2.5.0] AndroidManifest.xml:111:13-36
103            android:exported="false" >
103-->[androidx.work:work-runtime:2.5.0] AndroidManifest.xml:112:13-37
104            <intent-filter>
104-->[androidx.work:work-runtime:2.5.0] AndroidManifest.xml:114:13-118:29
105                <action android:name="android.intent.action.BOOT_COMPLETED" />
105-->[androidx.work:work-runtime:2.5.0] AndroidManifest.xml:115:17-79
105-->[androidx.work:work-runtime:2.5.0] AndroidManifest.xml:115:25-76
106                <action android:name="android.intent.action.TIME_SET" />
106-->[androidx.work:work-runtime:2.5.0] AndroidManifest.xml:116:17-73
106-->[androidx.work:work-runtime:2.5.0] AndroidManifest.xml:116:25-70
107                <action android:name="android.intent.action.TIMEZONE_CHANGED" />
107-->[androidx.work:work-runtime:2.5.0] AndroidManifest.xml:117:17-81
107-->[androidx.work:work-runtime:2.5.0] AndroidManifest.xml:117:25-78
108            </intent-filter>
109        </receiver>
110        <receiver
110-->[androidx.work:work-runtime:2.5.0] AndroidManifest.xml:120:9-129:20
111            android:name="androidx.work.impl.background.systemalarm.ConstraintProxyUpdateReceiver"
111-->[androidx.work:work-runtime:2.5.0] AndroidManifest.xml:121:13-99
112            android:directBootAware="false"
112-->[androidx.work:work-runtime:2.5.0] AndroidManifest.xml:122:13-44
113            android:enabled="@bool/enable_system_alarm_service_default"
113-->[androidx.work:work-runtime:2.5.0] AndroidManifest.xml:123:13-72
114            android:exported="false" >
114-->[androidx.work:work-runtime:2.5.0] AndroidManifest.xml:124:13-37
115            <intent-filter>
115-->[androidx.work:work-runtime:2.5.0] AndroidManifest.xml:126:13-128:29
116                <action android:name="androidx.work.impl.background.systemalarm.UpdateProxies" />
116-->[androidx.work:work-runtime:2.5.0] AndroidManifest.xml:127:17-98
116-->[androidx.work:work-runtime:2.5.0] AndroidManifest.xml:127:25-95
117            </intent-filter>
118        </receiver>
119        <receiver
119-->[androidx.work:work-runtime:2.5.0] AndroidManifest.xml:130:9-140:20
120            android:name="androidx.work.impl.diagnostics.DiagnosticsReceiver"
120-->[androidx.work:work-runtime:2.5.0] AndroidManifest.xml:131:13-78
121            android:directBootAware="false"
121-->[androidx.work:work-runtime:2.5.0] AndroidManifest.xml:132:13-44
122            android:enabled="true"
122-->[androidx.work:work-runtime:2.5.0] AndroidManifest.xml:133:13-35
123            android:exported="true"
123-->[androidx.work:work-runtime:2.5.0] AndroidManifest.xml:134:13-36
124            android:permission="android.permission.DUMP" >
124-->[androidx.work:work-runtime:2.5.0] AndroidManifest.xml:135:13-57
125            <intent-filter>
125-->[androidx.work:work-runtime:2.5.0] AndroidManifest.xml:137:13-139:29
126                <action android:name="androidx.work.diagnostics.REQUEST_DIAGNOSTICS" />
126-->[androidx.work:work-runtime:2.5.0] AndroidManifest.xml:138:17-88
126-->[androidx.work:work-runtime:2.5.0] AndroidManifest.xml:138:25-85
127            </intent-filter>
128        </receiver>
129
130        <service
130-->[androidx.room:room-runtime:2.2.6] AndroidManifest.xml:25:9-28:40
131            android:name="androidx.room.MultiInstanceInvalidationService"
131-->[androidx.room:room-runtime:2.2.6] AndroidManifest.xml:26:13-74
132            android:directBootAware="true"
132-->[androidx.room:room-runtime:2.2.6] AndroidManifest.xml:27:13-43
133            android:exported="false" />
133-->[androidx.room:room-runtime:2.2.6] AndroidManifest.xml:28:13-37
134    </application>
135
136</manifest>